<?xml version="1.0" encoding="UTF-8"?>
<testng-results ignored="0" total="9" passed="9" failed="0" skipped="0">
  <reporter-output>
  </reporter-output>
  <suite started-at="2025-12-08T18:37:27 EET" name="Surefire suite" finished-at="2025-12-08T18:37:27 EET" duration-ms="71">
    <groups>
    </groups>
    <test started-at="2025-12-08T18:37:27 EET" name="Surefire test" finished-at="2025-12-08T18:37:27 EET" duration-ms="71">
      <class name="com.youssef.SailingTest">
        <test-method signature="testAvailableValid(java.lang.String,boolean,boolean,int,boolean,java.lang.String)[pri:0, instance:com.youssef.SailingTest@6b53e23f]" started-at="2025-12-08T18:37:27 EET" name="testAvailableValid" data-provider="sailingTestData" finished-at="2025-12-08T18:37:27 EET" duration-ms="11" status="PASS">
          <params>
            <param index="0">
              <value>
                <![CDATA[EP1]]>
              </value>
            </param>
            <param index="1">
              <value>
                <![CDATA[true]]>
              </value>
            </param>
            <param index="2">
              <value>
                <![CDATA[false]]>
              </value>
            </param>
            <param index="3">
              <value>
                <![CDATA[2]]>
              </value>
            </param>
            <param index="4">
              <value>
                <![CDATA[true]]>
              </value>
            </param>
            <param index="5">
              <value>
                <![CDATA[Weekend, good wind, not July]]>
              </value>
            </param>
          </params>
          <reporter-output>
          </reporter-output>
        </test-method> <!-- testAvailableValid -->
        <test-method signature="testAvailableValid(java.lang.String,boolean,boolean,int,boolean,java.lang.String)[pri:0, instance:com.youssef.SailingTest@6b53e23f]" started-at="2025-12-08T18:37:27 EET" name="testAvailableValid" data-provider="sailingTestData" finished-at="2025-12-08T18:37:27 EET" duration-ms="1" status="PASS">
          <params>
            <param index="0">
              <value>
                <![CDATA[EP2]]>
              </value>
            </param>
            <param index="1">
              <value>
                <![CDATA[false]]>
              </value>
            </param>
            <param index="2">
              <value>
                <![CDATA[true]]>
              </value>
            </param>
            <param index="3">
              <value>
                <![CDATA[3]]>
              </value>
            </param>
            <param index="4">
              <value>
                <![CDATA[true]]>
              </value>
            </param>
            <param index="5">
              <value>
                <![CDATA[Weekday in July, good wind]]>
              </value>
            </param>
          </params>
          <reporter-output>
          </reporter-output>
        </test-method> <!-- testAvailableValid -->
        <test-method signature="testAvailableValid(java.lang.String,boolean,boolean,int,boolean,java.lang.String)[pri:0, instance:com.youssef.SailingTest@6b53e23f]" started-at="2025-12-08T18:37:27 EET" name="testAvailableValid" data-provider="sailingTestData" finished-at="2025-12-08T18:37:27 EET" duration-ms="2" status="PASS">
          <params>
            <param index="0">
              <value>
                <![CDATA[EP3]]>
              </value>
            </param>
            <param index="1">
              <value>
                <![CDATA[false]]>
              </value>
            </param>
            <param index="2">
              <value>
                <![CDATA[false]]>
              </value>
            </param>
            <param index="3">
              <value>
                <![CDATA[4]]>
              </value>
            </param>
            <param index="4">
              <value>
                <![CDATA[false]]>
              </value>
            </param>
            <param index="5">
              <value>
                <![CDATA[Weekday, not July, good wind]]>
              </value>
            </param>
          </params>
          <reporter-output>
          </reporter-output>
        </test-method> <!-- testAvailableValid -->
        <test-method signature="testAvailableValid(java.lang.String,boolean,boolean,int,boolean,java.lang.String)[pri:0, instance:com.youssef.SailingTest@6b53e23f]" started-at="2025-12-08T18:37:27 EET" name="testAvailableValid" data-provider="sailingTestData" finished-at="2025-12-08T18:37:27 EET" duration-ms="0" status="PASS">
          <params>
            <param index="0">
              <value>
                <![CDATA[EP4]]>
              </value>
            </param>
            <param index="1">
              <value>
                <![CDATA[true]]>
              </value>
            </param>
            <param index="2">
              <value>
                <![CDATA[true]]>
              </value>
            </param>
            <param index="3">
              <value>
                <![CDATA[5]]>
              </value>
            </param>
            <param index="4">
              <value>
                <![CDATA[false]]>
              </value>
            </param>
            <param index="5">
              <value>
                <![CDATA[Weekend in July, wind too strong]]>
              </value>
            </param>
          </params>
          <reporter-output>
          </reporter-output>
        </test-method> <!-- testAvailableValid -->
        <test-method signature="testAvailableValid(java.lang.String,boolean,boolean,int,boolean,java.lang.String)[pri:0, instance:com.youssef.SailingTest@6b53e23f]" started-at="2025-12-08T18:37:27 EET" name="testAvailableValid" data-provider="sailingTestData" finished-at="2025-12-08T18:37:27 EET" duration-ms="1" status="PASS">
          <params>
            <param index="0">
              <value>
                <![CDATA[EP5]]>
              </value>
            </param>
            <param index="1">
              <value>
                <![CDATA[true]]>
              </value>
            </param>
            <param index="2">
              <value>
                <![CDATA[false]]>
              </value>
            </param>
            <param index="3">
              <value>
                <![CDATA[8]]>
              </value>
            </param>
            <param index="4">
              <value>
                <![CDATA[false]]>
              </value>
            </param>
            <param index="5">
              <value>
                <![CDATA[Weekend, wind too strong]]>
              </value>
            </param>
          </params>
          <reporter-output>
          </reporter-output>
        </test-method> <!-- testAvailableValid -->
        <test-method signature="testAvailableValid(java.lang.String,boolean,boolean,int,boolean,java.lang.String)[pri:0, instance:com.youssef.SailingTest@6b53e23f]" started-at="2025-12-08T18:37:27 EET" name="testAvailableValid" data-provider="sailingTestData" finished-at="2025-12-08T18:37:27 EET" duration-ms="0" status="PASS">
          <params>
            <param index="0">
              <value>
                <![CDATA[EP6]]>
              </value>
            </param>
            <param index="1">
              <value>
                <![CDATA[false]]>
              </value>
            </param>
            <param index="2">
              <value>
                <![CDATA[true]]>
              </value>
            </param>
            <param index="3">
              <value>
                <![CDATA[12]]>
              </value>
            </param>
            <param index="4">
              <value>
                <![CDATA[false]]>
              </value>
            </param>
            <param index="5">
              <value>
                <![CDATA[Weekday in July, wind too strong]]>
              </value>
            </param>
          </params>
          <reporter-output>
          </reporter-output>
        </test-method> <!-- testAvailableValid -->
        <test-method signature="testAvailableValid(java.lang.String,boolean,boolean,int,boolean,java.lang.String)[pri:0, instance:com.youssef.SailingTest@6b53e23f]" started-at="2025-12-08T18:37:27 EET" name="testAvailableValid" data-provider="sailingTestData" finished-at="2025-12-08T18:37:27 EET" duration-ms="1" status="PASS">
          <params>
            <param index="0">
              <value>
                <![CDATA[EP7]]>
              </value>
            </param>
            <param index="1">
              <value>
                <![CDATA[true]]>
              </value>
            </param>
            <param index="2">
              <value>
                <![CDATA[true]]>
              </value>
            </param>
            <param index="3">
              <value>
                <![CDATA[0]]>
              </value>
            </param>
            <param index="4">
              <value>
                <![CDATA[true]]>
              </value>
            </param>
            <param index="5">
              <value>
                <![CDATA[Weekend in July, no wind]]>
              </value>
            </param>
          </params>
          <reporter-output>
          </reporter-output>
        </test-method> <!-- testAvailableValid -->
        <test-method signature="testEP8()[pri:0, instance:com.youssef.SailingTest@6b53e23f]" started-at="2025-12-08T18:37:27 EET" name="testEP8" finished-at="2025-12-08T18:37:27 EET" duration-ms="2" status="PASS">
          <reporter-output>
          </reporter-output>
        </test-method> <!-- testEP8 -->
        <test-method signature="testEP9()[pri:0, instance:com.youssef.SailingTest@6b53e23f]" started-at="2025-12-08T18:37:27 EET" name="testEP9" finished-at="2025-12-08T18:37:27 EET" duration-ms="1" status="PASS">
          <reporter-output>
          </reporter-output>
        </test-method> <!-- testEP9 -->
      </class> <!-- com.youssef.SailingTest -->
    </test> <!-- Surefire test -->
  </suite> <!-- Surefire suite -->
</testng-results>
