<?xml version="1.0" encoding="UTF-8"?>
<testsuite xmlns:xsi="http://www.w3.org/2001/XMLSchema-instance" xsi:noNamespaceSchemaLocation="https://maven.apache.org/surefire/maven-surefire-plugin/xsd/surefire-test-report-3.0.xsd" version="3.0" name="com.youssef.SailingTest" time="0.495" tests="9" errors="0" skipped="0" failures="0">
  <properties>
[...]
</properties>
  <testcase name="testAvailableValid[EP1, true, false, 2, true, Weekend, good wind, not July](1)" classname="com.youssef.SailingTest" time="0.01">
    <system-err><![CDATA[SLF4J: Failed to load class "org.slf4j.impl.StaticLoggerBinder".
SLF4J: Defaulting to no-operation (NOP) logger implementation
SLF4J: See http://www.slf4j.org/codes.html#StaticLoggerBinder for further details.
]]></system-err>
  </testcase>
  <testcase name="testAvailableValid[EP2, false, true, 3, true, Weekday in July, good wind](2)" classname="com.youssef.SailingTest" time="0.0"/>
  <testcase name="testAvailableValid[EP3, false, false, 4, false, Weekday, not July, good wind](3)" classname="com.youssef.SailingTest" time="0.0"/>
  <testcase name="testAvailableValid[EP4, true, true, 5, false, Weekend in July, wind too strong](4)" classname="com.youssef.SailingTest" time="0.001"/>
  <testcase name="testAvailableValid[EP5, true, false, 8, false, Weekend, wind too strong](5)" classname="com.youssef.SailingTest" time="0.001"/>
  <testcase name="testAvailableValid[EP6, false, true, 12, false, Weekday in July, wind too strong](6)" classname="com.youssef.SailingTest" time="0.0"/>
  <testcase name="testAvailableValid[EP7, true, true, 0, true, Weekend in July, no wind](7)" classname="com.youssef.SailingTest" time="0.0"/>
  <testcase name="testEP8" classname="com.youssef.SailingTest" time="0.003"/>
  <testcase name="testEP9" classname="com.youssef.SailingTest" time="0.001"/>
</testsuite>