<?xml version="1.0" encoding="UTF-8"?>
<!-- Generated by org.testng.reporters.JUnitXMLReporter -->
<testsuite ignored="0" hostname="usf" failures="0" tests="9" name="Surefire test" time="0.071" errors="0" timestamp="2025-12-08T18:37:27 EET">
  <testcase classname="com.youssef.SailingTest" name="testAvailableValid" time="0.011"/>
  <testcase classname="com.youssef.SailingTest" name="testAvailableValid" time="0.001"/>
  <testcase classname="com.youssef.SailingTest" name="testAvailableValid" time="0.002"/>
  <testcase classname="com.youssef.SailingTest" name="testAvailableValid" time="0.0"/>
  <testcase classname="com.youssef.SailingTest" name="testAvailableValid" time="0.001"/>
  <testcase classname="com.youssef.SailingTest" name="testAvailableValid" time="0.0"/>
  <testcase classname="com.youssef.SailingTest" name="testAvailableValid" time="0.001"/>
  <testcase classname="com.youssef.SailingTest" name="testEP8" time="0.002"/>
  <testcase classname="com.youssef.SailingTest" name="testEP9" time="0.001"/>
</testsuite> <!-- Surefire test -->
